<?xml version="1.0" encoding="utf-8"?><testsuites><testsuite name="pytest" errors="0" failures="0" skipped="0" tests="3" time="0.119" timestamp="2024-07-03T19:03:42.043588" hostname="Deniss-MacBook-Air.local"><testcase classname="api.api_tests.api_test_denis_bogoslovskiy.test_trello_api.TestTrelloAPI" name="test_delete_action" time="0.002" /><testcase classname="api.api_tests.api_test_denis_bogoslovskiy.test_trello_api.TestTrelloAPI" name="test_get_action_details" time="0.001" /><testcase classname="api.api_tests.api_test_denis_bogoslovskiy.test_trello_api.TestTrelloAPI" name="test_update_action" time="0.001" /></testsuite></testsuites>